Using pre-set license
Built from '2021.2/staging' branch; Version is '2021.2.0b9 (162b5e238388) revision 1452894'; Using compiler version '192829333'; Build Type 'Release'
OS: 'Windows 10 Enterprise; OS build 19042.1645; Version 2009; 64bit' Language: 'en' Physical Memory: 16097 MB
BatchMode: 1, IsHumanControllingUs: 0, StartBugReporterOnCrash: 0, Is64bit: 1, IsPro: 0

COMMAND LINE ARGUMENTS:
C:\Program Files\Unity\Hub\Editor\2021.2.0b9\Editor\Unity.exe
-adb2
-batchMode
-noUpm
-name
AssetImportWorker0
-projectPath
C:/Users/VONTHADM/Documents/GitHub/Unity-Project-6
-logFile
Logs/AssetImportWorker0.log
-srvPort
55399
Successfully changed project path to: C:/Users/VONTHADM/Documents/GitHub/Unity-Project-6
C:/Users/VONTHADM/Documents/GitHub/Unity-Project-6
[UnityMemory] Configuration Parameters - Can be set up in boot.config
    "memorysetup-bucket-allocator-granularity=16"
    "memorysetup-bucket-allocator-bucket-count=8"
    "memorysetup-bucket-allocator-block-size=33554432"
    "memorysetup-bucket-allocator-block-count=8"
    "memorysetup-main-allocator-block-size=16777216"
    "memorysetup-thread-allocator-block-size=16777216"
    "memorysetup-gfx-main-allocator-block-size=16777216"
    "memorysetup-gfx-thread-allocator-block-size=16777216"
    "memorysetup-cache-allocator-block-size=4194304"
    "memorysetup-typetree-allocator-block-size=2097152"
    "memorysetup-profiler-bucket-allocator-granularity=16"
    "memorysetup-profiler-bucket-allocator-bucket-count=8"
    "memorysetup-profiler-bucket-allocator-block-size=33554432"
    "memorysetup-profiler-bucket-allocator-block-count=8"
    "memorysetup-profiler-allocator-block-size=16777216"
    "memorysetup-profiler-editor-allocator-block-size=1048576"
    "memorysetup-temp-allocator-size-main=16777216"
    "memorysetup-job-temp-allocator-block-size=2097152"
    "memorysetup-job-temp-allocator-block-size-background=1048576"
    "memorysetup-job-temp-allocator-reduction-small-platforms=262144"
    "memorysetup-temp-allocator-size-background-worker=32768"
    "memorysetup-temp-allocator-size-job-worker=262144"
    "memorysetup-temp-allocator-size-preload-manager=33554432"
    "memorysetup-temp-allocator-size-nav-mesh-worker=65536"
    "memorysetup-temp-allocator-size-audio-worker=65536"
    "memorysetup-temp-allocator-size-cloud-worker=32768"
    "memorysetup-temp-allocator-size-gi-baking-worker=262144"
    "memorysetup-temp-allocator-size-gfx=262144"
Refreshing native plugins compatible for Editor in 71.87 ms, found 3 plugins.
Preloading 0 native plugins for Editor in 0.00 ms.
Initialize engine version: 2021.2.0b9 (162b5e238388)
[Subsystems] Discovering subsystems at path C:/Program Files/Unity/Hub/Editor/2021.2.0b9/Editor/Data/Resources/UnitySubsystems
[Subsystems] Discovering subsystems at path C:/Users/VONTHADM/Documents/GitHub/Unity-Project-6/Assets
GfxDevice: creating device client; threaded=0; jobified=0
Direct3D:
    Version:  Direct3D 11.0 [level 11.1]
    Renderer: NVIDIA GeForce GTX 1660 SUPER (ID=0x21c4)
    Vendor:   NVIDIA
    VRAM:     5991 MB
    Driver:   30.0.14.7196
Initialize mono
Mono path[0] = 'C:/Program Files/Unity/Hub/Editor/2021.2.0b9/Editor/Data/Managed'
Mono path[1] = 'C:/Program Files/Unity/Hub/Editor/2021.2.0b9/Editor/Data/MonoBleedingEdge/lib/mono/unityjit-win32'
Mono config path = 'C:/Program Files/Unity/Hub/Editor/2021.2.0b9/Editor/Data/MonoBleedingEdge/etc'
Using monoOptions --debugger-agent=transport=dt_socket,embedding=1,server=y,suspend=n,address=127.0.0.1:56836
Begin MonoManager ReloadAssembly
Registering precompiled unity dll's ...
Register platform support module: C:/Program Files/Unity/Hub/Editor/2021.2.0b9/Editor/Data/PlaybackEngines/WebGLSupport/UnityEditor.WebGL.Extensions.dll
Register platform support module: C:/Program Files/Unity/Hub/Editor/2021.2.0b9/Editor/Data/PlaybackEngines/WindowsStandaloneSupport/UnityEditor.WindowsStandalone.Extensions.dll
Registered in 0.010511 seconds.
Native extension for WindowsStandalone target not found
Native extension for WebGL target not found
Refreshing native plugins compatible for Editor in 81.17 ms, found 3 plugins.
Preloading 0 native plugins for Editor in 0.00 ms.
Mono: successfully reloaded assembly
- Completed reload, in  1.503 seconds
Domain Reload Profiling:
	ReloadAssembly (1540ms)
		BeginReloadAssembly (111ms)
			ExecutionOrderSort (0ms)
			DisableScriptedObjects (0ms)
			BackupInstance (0ms)
			ReleaseScriptingObjects (0ms)
			CreateAndSetChildDomain (1ms)
		EndReloadAssembly (680ms)
			LoadAssemblies (107ms)
			RebuildTransferFunctionScriptingTraits (0ms)
			SetupTypeCache (295ms)
			ReleaseScriptCaches (0ms)
			RebuildScriptCaches (29ms)
			SetupLoadedEditorAssemblies (252ms)
				LogAssemblyErrors (0ms)
				InitializePlatformSupportModulesInManaged (10ms)
				SetLoadedEditorAssemblies (0ms)
				RefreshPlugins (81ms)
				BeforeProcessingInitializeOnLoad (2ms)
				ProcessInitializeOnLoadAttributes (107ms)
				ProcessInitializeOnLoadMethodAttributes (52ms)
				AfterProcessingInitializeOnLoad (0ms)
				EditorAssembliesLoaded (0ms)
			ExecutionOrderSort2 (0ms)
			AwakeInstancesAfterBackupRestoration (0ms)
Platform modules already initialized, skipping
Registering precompiled user dll's ...
Registered in 0.010134 seconds.
Begin MonoManager ReloadAssembly
Symbol file LoadedFromMemory doesn't match image C:\Users\VONTHADM\Documents\GitHub\Unity-Project-6\Library\PackageCache\com.unity.visualscripting@1.7.2\Editor\VisualScripting.Core\Dependencies\YamlDotNet\Unity.VisualScripting.YamlDotNet.dll
Symbol file LoadedFromMemory doesn't match image C:\Users\VONTHADM\Documents\GitHub\Unity-Project-6\Library\PackageCache\com.unity.visualscripting@1.7.2\Editor\VisualScripting.Core\Dependencies\DotNetZip\Unity.VisualScripting.IonicZip.dll
Native extension for WindowsStandalone target not found
Native extension for WebGL target not found
Refreshing native plugins compatible for Editor in 0.70 ms, found 3 plugins.
Preloading 0 native plugins for Editor in 0.00 ms.
Mono: successfully reloaded assembly
- Completed reload, in  1.276 seconds
Domain Reload Profiling:
	ReloadAssembly (1327ms)
		BeginReloadAssembly (167ms)
			ExecutionOrderSort (0ms)
			DisableScriptedObjects (5ms)
			BackupInstance (0ms)
			ReleaseScriptingObjects (0ms)
			CreateAndSetChildDomain (21ms)
		EndReloadAssembly (1062ms)
			LoadAssemblies (72ms)
			RebuildTransferFunctionScriptingTraits (0ms)
			SetupTypeCache (364ms)
			ReleaseScriptCaches (1ms)
			RebuildScriptCaches (39ms)
			SetupLoadedEditorAssemblies (444ms)
				LogAssemblyErrors (0ms)
				InitializePlatformSupportModulesInManaged (17ms)
				SetLoadedEditorAssemblies (0ms)
				RefreshPlugins (1ms)
				BeforeProcessingInitializeOnLoad (73ms)
				ProcessInitializeOnLoadAttributes (329ms)
				ProcessInitializeOnLoadMethodAttributes (15ms)
				AfterProcessingInitializeOnLoad (8ms)
				EditorAssembliesLoaded (0ms)
			ExecutionOrderSort2 (0ms)
			AwakeInstancesAfterBackupRestoration (5ms)
Platform modules already initialized, skipping
========================================================================
Worker process is ready to serve import requests
Launched and connected shader compiler UnityShaderCompiler.exe after 0.13 seconds
Refreshing native plugins compatible for Editor in 0.63 ms, found 3 plugins.
Preloading 0 native plugins for Editor in 0.00 ms.
Unloading 2997 Unused Serialized files (Serialized files now loaded: 0)
Unloading 22 unused Assets / (47.4 KB). Loaded Objects now: 3459.
Memory consumption went from 110.7 MB to 110.7 MB.
Total: 3.022400 ms (FindLiveObjects: 0.254800 ms CreateObjectMapping: 0.192500 ms MarkObjects: 2.506600 ms  DeleteObjects: 0.067600 ms)

AssetImportParameters requested are different than current active one (requested -> active):
  custom:framework-win-MediaFoundation: 216162199b28c13a410421893ffa2e32 -> 
  custom:video-decoder-ogg-theora: a1e56fd34408186e4bbccfd4996cb3dc -> 
  custom:container-muxer-webm: aa71ff27fc2769a1b78a27578f13a17b -> 
  custom:container-demuxer-webm: 4f35f7cbe854078d1ac9338744f61a02 -> 
  custom:video-encoder-webm-vp8: eb34c28f22e8b96e1ab97ce403110664 -> 
  custom:container-demuxer-ogg: 62fdf1f143b41e24485cea50d1cbac27 -> 
  custom:audio-decoder-ogg-vorbis: bf7c407c2cedff20999df2af8eb42d56 -> 
  custom:video-decoder-webm-vp8: 9c59270c3fd7afecdb556c50c9e8de78 -> 
  custom:audio-encoder-webm-vorbis: bf7c407c2cedff20999df2af8eb42d56 -> 
========================================================================
Received Import Request.
  Time since last request: 237813.887036 seconds.
  path: Assets/Materials/misc/billboard10.mat
  artifactKey: Guid(700409ffec13303449355582894b418a) Importer(815301076,1909f56bfc062723c751e8b465ee728b)
Start importing Assets/Materials/misc/billboard10.mat using Guid(700409ffec13303449355582894b418a) Importer(815301076,1909f56bfc062723c751e8b465ee728b)  -> (artifact id: 'd172261e40e6abccc8cbb44d24c10e75') in 0.204905 seconds 
========================================================================
Received Import Request.
  Time since last request: 0.000015 seconds.
  path: Assets/Materials/misc/billboard4.mat
  artifactKey: Guid(15c3ee0ce2921eb479928f09dbdcff4b) Importer(815301076,1909f56bfc062723c751e8b465ee728b)
Start importing Assets/Materials/misc/billboard4.mat using Guid(15c3ee0ce2921eb479928f09dbdcff4b) Importer(815301076,1909f56bfc062723c751e8b465ee728b)  -> (artifact id: '4518efb920f235e2cdc7be574cb6eea2') in 0.029346 seconds 
========================================================================
Received Import Request.
  Time since last request: 0.000021 seconds.
  path: Assets/Materials/misc/billboard2.mat
  artifactKey: Guid(b174dd65f68892f4b84af569d48c31fa) Importer(815301076,1909f56bfc062723c751e8b465ee728b)
Start importing Assets/Materials/misc/billboard2.mat using Guid(b174dd65f68892f4b84af569d48c31fa) Importer(815301076,1909f56bfc062723c751e8b465ee728b)  -> (artifact id: '201bb1c391d3c9b4a098d3d694ab006f') in 0.027577 seconds 
========================================================================
Received Import Request.
  Time since last request: 0.000022 seconds.
  path: Assets/Materials/misc/billboard7.mat
  artifactKey: Guid(9d5016f84e1aad141bc82deba930e854) Importer(815301076,1909f56bfc062723c751e8b465ee728b)
Start importing Assets/Materials/misc/billboard7.mat using Guid(9d5016f84e1aad141bc82deba930e854) Importer(815301076,1909f56bfc062723c751e8b465ee728b)  -> (artifact id: '0805e81373a31e7c4b6faf2601b70c9c') in 0.026676 seconds 
========================================================================
Received Import Request.
  Time since last request: 0.000015 seconds.
  path: Assets/Materials/misc/billboard12.mat
  artifactKey: Guid(a41b9ac6c0706884493de8af5591b863) Importer(815301076,1909f56bfc062723c751e8b465ee728b)
Start importing Assets/Materials/misc/billboard12.mat using Guid(a41b9ac6c0706884493de8af5591b863) Importer(815301076,1909f56bfc062723c751e8b465ee728b)  -> (artifact id: '23aa1efb9b479d6dbd19a7ec781f3204') in 0.024699 seconds 
========================================================================
Received Import Request.
  Time since last request: 0.000018 seconds.
  path: Assets/Materials/misc/billboard15.mat
  artifactKey: Guid(7e78576bcb9fb19499bbaf3d0f1f7791) Importer(815301076,1909f56bfc062723c751e8b465ee728b)
Start importing Assets/Materials/misc/billboard15.mat using Guid(7e78576bcb9fb19499bbaf3d0f1f7791) Importer(815301076,1909f56bfc062723c751e8b465ee728b)  -> (artifact id: 'e0522e7b907266c1b54e9c80e08faebd') in 0.040009 seconds 
========================================================================
Received Import Request.
  Time since last request: 0.000025 seconds.
  path: Assets/Materials/misc/billboard5.mat
  artifactKey: Guid(c23494c71f17f9545a0334cc7832f9a0) Importer(815301076,1909f56bfc062723c751e8b465ee728b)
Start importing Assets/Materials/misc/billboard5.mat using Guid(c23494c71f17f9545a0334cc7832f9a0) Importer(815301076,1909f56bfc062723c751e8b465ee728b)  -> (artifact id: 'dda4d44f642a6f61b4e31fd76ad94c8d') in 0.042133 seconds 
========================================================================
Received Import Request.
  Time since last request: 0.000018 seconds.
  path: Assets/Materials/misc/billboard16.mat
  artifactKey: Guid(2acc5207add2fb342825840fc45af4e6) Importer(815301076,1909f56bfc062723c751e8b465ee728b)
Start importing Assets/Materials/misc/billboard16.mat using Guid(2acc5207add2fb342825840fc45af4e6) Importer(815301076,1909f56bfc062723c751e8b465ee728b)  -> (artifact id: '83aaa3a3453c8866edaa6b2bb491cf72') in 0.026612 seconds 
========================================================================
Received Import Request.
  Time since last request: 0.000016 seconds.
  path: Assets/Materials/misc/billboard9.mat
  artifactKey: Guid(f929cb3b54457d947a10c09546cd7dcf) Importer(815301076,1909f56bfc062723c751e8b465ee728b)
Start importing Assets/Materials/misc/billboard9.mat using Guid(f929cb3b54457d947a10c09546cd7dcf) Importer(815301076,1909f56bfc062723c751e8b465ee728b)  -> (artifact id: '6e8bcebc0b79ade9da22cd364331614d') in 0.028719 seconds 
========================================================================
Received Import Request.
  Time since last request: 0.000036 seconds.
  path: Assets/Materials/misc/billboard6.mat
  artifactKey: Guid(30c83e29e6399de44b298cc916df94a3) Importer(815301076,1909f56bfc062723c751e8b465ee728b)
Start importing Assets/Materials/misc/billboard6.mat using Guid(30c83e29e6399de44b298cc916df94a3) Importer(815301076,1909f56bfc062723c751e8b465ee728b)  -> (artifact id: 'a720206bd0f2c0ad443a18f995bfb7ae') in 0.026177 seconds 
========================================================================
Received Import Request.
  Time since last request: 0.000031 seconds.
  path: Assets/Materials/misc/billboard11.mat
  artifactKey: Guid(2dfbfcff2da4aa2499bdd86bcd0cfab3) Importer(815301076,1909f56bfc062723c751e8b465ee728b)
Start importing Assets/Materials/misc/billboard11.mat using Guid(2dfbfcff2da4aa2499bdd86bcd0cfab3) Importer(815301076,1909f56bfc062723c751e8b465ee728b)  -> (artifact id: 'd2f695a3c9ac6a70df86b94ab1fdfa32') in 0.026895 seconds 
========================================================================
Received Import Request.
  Time since last request: 0.000019 seconds.
  path: Assets/Materials/misc/billboard14.mat
  artifactKey: Guid(b6fc98fdd2f245a43a40d2920d87b083) Importer(815301076,1909f56bfc062723c751e8b465ee728b)
Start importing Assets/Materials/misc/billboard14.mat using Guid(b6fc98fdd2f245a43a40d2920d87b083) Importer(815301076,1909f56bfc062723c751e8b465ee728b)  -> (artifact id: '22ddb1187b1c8580f84d89bbb8df6785') in 0.035450 seconds 
========================================================================
Received Import Request.
  Time since last request: 0.000016 seconds.
  path: Assets/Materials/misc/billboard1.mat
  artifactKey: Guid(82ace74622b425544b3e8520fb45ba4e) Importer(815301076,1909f56bfc062723c751e8b465ee728b)
Start importing Assets/Materials/misc/billboard1.mat using Guid(82ace74622b425544b3e8520fb45ba4e) Importer(815301076,1909f56bfc062723c751e8b465ee728b)  -> (artifact id: '12543a9e577157b4ecbe78d0063f84c2') in 0.028394 seconds 
========================================================================
Received Import Request.
  Time since last request: 0.000027 seconds.
  path: Assets/Materials/misc/billboard8.mat
  artifactKey: Guid(cce875e0ecd0ed343a6ed6969043a391) Importer(815301076,1909f56bfc062723c751e8b465ee728b)
Start importing Assets/Materials/misc/billboard8.mat using Guid(cce875e0ecd0ed343a6ed6969043a391) Importer(815301076,1909f56bfc062723c751e8b465ee728b)  -> (artifact id: '6b99ad9e7fe4d7b68d542115e45bf5c5') in 0.030403 seconds 
========================================================================
Received Import Request.
  Time since last request: 0.000016 seconds.
  path: Assets/Materials/misc/billboard3.mat
  artifactKey: Guid(775979e13a6fbad4cbbdacdfcbf90a8a) Importer(815301076,1909f56bfc062723c751e8b465ee728b)
Start importing Assets/Materials/misc/billboard3.mat using Guid(775979e13a6fbad4cbbdacdfcbf90a8a) Importer(815301076,1909f56bfc062723c751e8b465ee728b)  -> (artifact id: 'c6df7be6ec12419bb6ab3fe84c6720a2') in 0.025903 seconds 
========================================================================
Received Import Request.
  Time since last request: 0.000015 seconds.
  path: Assets/Materials/misc/billboard13.mat
  artifactKey: Guid(79bb09c25ba90f542bccac9fc761e693) Importer(815301076,1909f56bfc062723c751e8b465ee728b)
Start importing Assets/Materials/misc/billboard13.mat using Guid(79bb09c25ba90f542bccac9fc761e693) Importer(815301076,1909f56bfc062723c751e8b465ee728b)  -> (artifact id: '580c09f6207b1f71cf4b3d43b6abbf2e') in 0.024361 seconds 
========================================================================
Received Import Request.
  Time since last request: 201.830344 seconds.
  path: Assets/Textures/minimap.renderTexture
  artifactKey: Guid(5ed2b577b9f90514d987fb4a35a3d028) Importer(815301076,1909f56bfc062723c751e8b465ee728b)
Start importing Assets/Textures/minimap.renderTexture using Guid(5ed2b577b9f90514d987fb4a35a3d028) Importer(815301076,1909f56bfc062723c751e8b465ee728b)  -> (artifact id: 'ee6251c2b69fca500da73769653b0be0') in 0.030534 seconds 
========================================================================
Received Import Request.
  Time since last request: 18.199768 seconds.
  path: Assets/Prefabs/pref_enemy_e2.prefab
  artifactKey: Guid(cb6d142757c6c6b4182bd3d0884c2728) Importer(815301076,1909f56bfc062723c751e8b465ee728b)
Start importing Assets/Prefabs/pref_enemy_e2.prefab using Guid(cb6d142757c6c6b4182bd3d0884c2728) Importer(815301076,1909f56bfc062723c751e8b465ee728b)  -> (artifact id: '7620b587744a2c6f1abca6130e1b6c76') in 0.031958 seconds 
========================================================================
Received Import Request.
  Time since last request: 0.000016 seconds.
  path: Assets/Prefabs/pref_player.prefab
  artifactKey: Guid(2a2430a4e72968349a5109ea01e0c8c6) Importer(815301076,1909f56bfc062723c751e8b465ee728b)
Start importing Assets/Prefabs/pref_player.prefab using Guid(2a2430a4e72968349a5109ea01e0c8c6) Importer(815301076,1909f56bfc062723c751e8b465ee728b)  -> (artifact id: 'f78c8e78069092fe66f567729ac7adb8') in 0.024973 seconds 
========================================================================
Received Import Request.
  Time since last request: 0.000013 seconds.
  path: Assets/Prefabs/UI.prefab
  artifactKey: Guid(a2eb82496e4e9f84693b43bfe1945b47) Importer(815301076,1909f56bfc062723c751e8b465ee728b)
Start importing Assets/Prefabs/UI.prefab using Guid(a2eb82496e4e9f84693b43bfe1945b47) Importer(815301076,1909f56bfc062723c751e8b465ee728b)  -> (artifact id: 'c8da43b8ecc6a74e1f28af4dac8cbe56') in 0.017735 seconds 
========================================================================
Received Import Request.
  Time since last request: 47.186143 seconds.
  path: Assets/Materials/mat_armor.mat
  artifactKey: Guid(c8f0978b2fe16e6458124b040a30d39a) Importer(815301076,1909f56bfc062723c751e8b465ee728b)
Start importing Assets/Materials/mat_armor.mat using Guid(c8f0978b2fe16e6458124b040a30d39a) Importer(815301076,1909f56bfc062723c751e8b465ee728b)  -> (artifact id: '205dfcac37fca4c6eab9838ba01039a0') in 0.021258 seconds 
========================================================================
Received Import Request.
  Time since last request: 18.358182 seconds.
  path: Assets/Scripts/characterenemy.cs
  artifactKey: Guid(8a6e328ae46386d488687449b9771215) Importer(815301076,1909f56bfc062723c751e8b465ee728b)
Start importing Assets/Scripts/characterenemy.cs using Guid(8a6e328ae46386d488687449b9771215) Importer(815301076,1909f56bfc062723c751e8b465ee728b)  -> (artifact id: '572a1a36f423f56c3255388f3248568a') in 0.013555 seconds 
========================================================================
Received Prepare
Registering precompiled user dll's ...
Registered in 0.004923 seconds.
Begin MonoManager ReloadAssembly
Symbol file LoadedFromMemory doesn't match image C:\Users\VONTHADM\Documents\GitHub\Unity-Project-6\Library\PackageCache\com.unity.visualscripting@1.7.2\Editor\VisualScripting.Core\Dependencies\YamlDotNet\Unity.VisualScripting.YamlDotNet.dll
Symbol file LoadedFromMemory doesn't match image C:\Users\VONTHADM\Documents\GitHub\Unity-Project-6\Library\PackageCache\com.unity.visualscripting@1.7.2\Editor\VisualScripting.Core\Dependencies\DotNetZip\Unity.VisualScripting.IonicZip.dll
Native extension for WindowsStandalone target not found
Native extension for WebGL target not found
Refreshing native plugins compatible for Editor in 0.59 ms, found 3 plugins.
Preloading 0 native plugins for Editor in 0.00 ms.
Mono: successfully reloaded assembly
- Completed reload, in  1.033 seconds
Domain Reload Profiling:
	ReloadAssembly (1076ms)
		BeginReloadAssembly (121ms)
			ExecutionOrderSort (0ms)
			DisableScriptedObjects (4ms)
			BackupInstance (0ms)
			ReleaseScriptingObjects (0ms)
			CreateAndSetChildDomain (33ms)
		EndReloadAssembly (876ms)
			LoadAssemblies (64ms)
			RebuildTransferFunctionScriptingTraits (0ms)
			SetupTypeCache (293ms)
			ReleaseScriptCaches (1ms)
			RebuildScriptCaches (24ms)
			SetupLoadedEditorAssemblies (366ms)
				LogAssemblyErrors (0ms)
				InitializePlatformSupportModulesInManaged (15ms)
				SetLoadedEditorAssemblies (0ms)
				RefreshPlugins (1ms)
				BeforeProcessingInitializeOnLoad (47ms)
				ProcessInitializeOnLoadAttributes (282ms)
				ProcessInitializeOnLoadMethodAttributes (13ms)
				AfterProcessingInitializeOnLoad (7ms)
				EditorAssembliesLoaded (0ms)
			ExecutionOrderSort2 (0ms)
			AwakeInstancesAfterBackupRestoration (10ms)
Platform modules already initialized, skipping
Refreshing native plugins compatible for Editor in 0.60 ms, found 3 plugins.
Preloading 0 native plugins for Editor in 0.00 ms.
Unloading 2992 Unused Serialized files (Serialized files now loaded: 0)
Unloading 17 unused Assets / (24.6 KB). Loaded Objects now: 3521.
Memory consumption went from 115.6 MB to 115.6 MB.
Total: 2.513100 ms (FindLiveObjects: 0.219100 ms CreateObjectMapping: 0.158700 ms MarkObjects: 2.119800 ms  DeleteObjects: 0.014700 ms)

AssetImportParameters requested are different than current active one (requested -> active):
  custom:framework-win-MediaFoundation: 216162199b28c13a410421893ffa2e32 -> 
  custom:video-decoder-ogg-theora: a1e56fd34408186e4bbccfd4996cb3dc -> 
  custom:container-muxer-webm: aa71ff27fc2769a1b78a27578f13a17b -> 
  custom:container-demuxer-webm: 4f35f7cbe854078d1ac9338744f61a02 -> 
  custom:video-encoder-webm-vp8: eb34c28f22e8b96e1ab97ce403110664 -> 
  custom:container-demuxer-ogg: 62fdf1f143b41e24485cea50d1cbac27 -> 
  custom:audio-decoder-ogg-vorbis: bf7c407c2cedff20999df2af8eb42d56 -> 
  custom:video-decoder-webm-vp8: 9c59270c3fd7afecdb556c50c9e8de78 -> 
  custom:audio-encoder-webm-vorbis: bf7c407c2cedff20999df2af8eb42d56 -> 
========================================================================
Received Import Request.
  Time since last request: 6.476376 seconds.
  path: Assets/Scripts/characterplayer.cs
  artifactKey: Guid(90a586c5046c0a941b019e45a3d8011a) Importer(815301076,1909f56bfc062723c751e8b465ee728b)
Start importing Assets/Scripts/characterplayer.cs using Guid(90a586c5046c0a941b019e45a3d8011a) Importer(815301076,1909f56bfc062723c751e8b465ee728b)  -> (artifact id: '45d3cadafa63572dab22103853548809') in 0.014620 seconds 
========================================================================
Received Prepare
Registering precompiled user dll's ...
Registered in 0.007396 seconds.
Begin MonoManager ReloadAssembly
Symbol file LoadedFromMemory doesn't match image C:\Users\VONTHADM\Documents\GitHub\Unity-Project-6\Library\PackageCache\com.unity.visualscripting@1.7.2\Editor\VisualScripting.Core\Dependencies\YamlDotNet\Unity.VisualScripting.YamlDotNet.dll
Symbol file LoadedFromMemory doesn't match image C:\Users\VONTHADM\Documents\GitHub\Unity-Project-6\Library\PackageCache\com.unity.visualscripting@1.7.2\Editor\VisualScripting.Core\Dependencies\DotNetZip\Unity.VisualScripting.IonicZip.dll
Native extension for WindowsStandalone target not found
Native extension for WebGL target not found
Refreshing native plugins compatible for Editor in 1.25 ms, found 3 plugins.
Preloading 0 native plugins for Editor in 0.00 ms.
Mono: successfully reloaded assembly
- Completed reload, in  1.168 seconds
Domain Reload Profiling:
	ReloadAssembly (1212ms)
		BeginReloadAssembly (137ms)
			ExecutionOrderSort (0ms)
			DisableScriptedObjects (5ms)
			BackupInstance (0ms)
			ReleaseScriptingObjects (0ms)
			CreateAndSetChildDomain (42ms)
		EndReloadAssembly (991ms)
			LoadAssemblies (77ms)
			RebuildTransferFunctionScriptingTraits (0ms)
			SetupTypeCache (314ms)
			ReleaseScriptCaches (1ms)
			RebuildScriptCaches (26ms)
			SetupLoadedEditorAssemblies (435ms)
				LogAssemblyErrors (0ms)
				InitializePlatformSupportModulesInManaged (19ms)
				SetLoadedEditorAssemblies (1ms)
				RefreshPlugins (1ms)
				BeforeProcessingInitializeOnLoad (64ms)
				ProcessInitializeOnLoadAttributes (329ms)
				ProcessInitializeOnLoadMethodAttributes (13ms)
				AfterProcessingInitializeOnLoad (8ms)
				EditorAssembliesLoaded (0ms)
			ExecutionOrderSort2 (0ms)
			AwakeInstancesAfterBackupRestoration (11ms)
Platform modules already initialized, skipping
Refreshing native plugins compatible for Editor in 0.57 ms, found 3 plugins.
Preloading 0 native plugins for Editor in 0.00 ms.
Unloading 2991 Unused Serialized files (Serialized files now loaded: 0)
Unloading 17 unused Assets / (24.6 KB). Loaded Objects now: 3523.
Memory consumption went from 115.6 MB to 115.6 MB.
Total: 2.620800 ms (FindLiveObjects: 0.222900 ms CreateObjectMapping: 0.160400 ms MarkObjects: 2.223800 ms  DeleteObjects: 0.012800 ms)

AssetImportParameters requested are different than current active one (requested -> active):
  custom:framework-win-MediaFoundation: 216162199b28c13a410421893ffa2e32 -> 
  custom:video-decoder-ogg-theora: a1e56fd34408186e4bbccfd4996cb3dc -> 
  custom:container-muxer-webm: aa71ff27fc2769a1b78a27578f13a17b -> 
  custom:container-demuxer-webm: 4f35f7cbe854078d1ac9338744f61a02 -> 
  custom:video-encoder-webm-vp8: eb34c28f22e8b96e1ab97ce403110664 -> 
  custom:container-demuxer-ogg: 62fdf1f143b41e24485cea50d1cbac27 -> 
  custom:audio-decoder-ogg-vorbis: bf7c407c2cedff20999df2af8eb42d56 -> 
  custom:video-decoder-webm-vp8: 9c59270c3fd7afecdb556c50c9e8de78 -> 
  custom:audio-encoder-webm-vorbis: bf7c407c2cedff20999df2af8eb42d56 -> 
========================================================================
Received Import Request.
  Time since last request: 90.818075 seconds.
  path: Assets/Scripts/characterplayer.cs
  artifactKey: Guid(90a586c5046c0a941b019e45a3d8011a) Importer(815301076,1909f56bfc062723c751e8b465ee728b)
Start importing Assets/Scripts/characterplayer.cs using Guid(90a586c5046c0a941b019e45a3d8011a) Importer(815301076,1909f56bfc062723c751e8b465ee728b)  -> (artifact id: '7aa781a7f4512ba416f55e58f80c52e6') in 0.010550 seconds 
========================================================================
Received Prepare
Registering precompiled user dll's ...
Registered in 0.005236 seconds.
Begin MonoManager ReloadAssembly
Symbol file LoadedFromMemory doesn't match image C:\Users\VONTHADM\Documents\GitHub\Unity-Project-6\Library\PackageCache\com.unity.visualscripting@1.7.2\Editor\VisualScripting.Core\Dependencies\YamlDotNet\Unity.VisualScripting.YamlDotNet.dll
Symbol file LoadedFromMemory doesn't match image C:\Users\VONTHADM\Documents\GitHub\Unity-Project-6\Library\PackageCache\com.unity.visualscripting@1.7.2\Editor\VisualScripting.Core\Dependencies\DotNetZip\Unity.VisualScripting.IonicZip.dll
Native extension for WindowsStandalone target not found
Native extension for WebGL target not found
Refreshing native plugins compatible for Editor in 0.58 ms, found 3 plugins.
Preloading 0 native plugins for Editor in 0.00 ms.
Mono: successfully reloaded assembly
- Completed reload, in  1.095 seconds
Domain Reload Profiling:
	ReloadAssembly (1142ms)
		BeginReloadAssembly (122ms)
			ExecutionOrderSort (0ms)
			DisableScriptedObjects (5ms)
			BackupInstance (0ms)
			ReleaseScriptingObjects (0ms)
			CreateAndSetChildDomain (32ms)
		EndReloadAssembly (934ms)
			LoadAssemblies (68ms)
			RebuildTransferFunctionScriptingTraits (0ms)
			SetupTypeCache (301ms)
			ReleaseScriptCaches (1ms)
			RebuildScriptCaches (26ms)
			SetupLoadedEditorAssemblies (383ms)
				LogAssemblyErrors (0ms)
				InitializePlatformSupportModulesInManaged (15ms)
				SetLoadedEditorAssemblies (0ms)
				RefreshPlugins (1ms)
				BeforeProcessingInitializeOnLoad (47ms)
				ProcessInitializeOnLoadAttributes (296ms)
				ProcessInitializeOnLoadMethodAttributes (16ms)
				AfterProcessingInitializeOnLoad (9ms)
				EditorAssembliesLoaded (0ms)
			ExecutionOrderSort2 (0ms)
			AwakeInstancesAfterBackupRestoration (10ms)
Platform modules already initialized, skipping
Refreshing native plugins compatible for Editor in 0.62 ms, found 3 plugins.
Preloading 0 native plugins for Editor in 0.00 ms.
Unloading 2991 Unused Serialized files (Serialized files now loaded: 0)
Unloading 17 unused Assets / (24.6 KB). Loaded Objects now: 3525.
Memory consumption went from 115.6 MB to 115.6 MB.
Total: 2.408600 ms (FindLiveObjects: 0.224900 ms CreateObjectMapping: 0.161400 ms MarkObjects: 2.008100 ms  DeleteObjects: 0.013400 ms)

AssetImportParameters requested are different than current active one (requested -> active):
  custom:framework-win-MediaFoundation: 216162199b28c13a410421893ffa2e32 -> 
  custom:video-decoder-ogg-theora: a1e56fd34408186e4bbccfd4996cb3dc -> 
  custom:container-muxer-webm: aa71ff27fc2769a1b78a27578f13a17b -> 
  custom:container-demuxer-webm: 4f35f7cbe854078d1ac9338744f61a02 -> 
  custom:video-encoder-webm-vp8: eb34c28f22e8b96e1ab97ce403110664 -> 
  custom:container-demuxer-ogg: 62fdf1f143b41e24485cea50d1cbac27 -> 
  custom:audio-decoder-ogg-vorbis: bf7c407c2cedff20999df2af8eb42d56 -> 
  custom:video-decoder-webm-vp8: 9c59270c3fd7afecdb556c50c9e8de78 -> 
  custom:audio-encoder-webm-vorbis: bf7c407c2cedff20999df2af8eb42d56 -> 
========================================================================
Received Prepare
Refreshing native plugins compatible for Editor in 3.51 ms, found 3 plugins.
Preloading 0 native plugins for Editor in 0.00 ms.
Unloading 15 Unused Serialized files (Serialized files now loaded: 0)
Unloading 15 unused Assets / (21.9 KB). Loaded Objects now: 3525.
Memory consumption went from 56.0 MB to 56.0 MB.
Total: 3.118900 ms (FindLiveObjects: 0.235500 ms CreateObjectMapping: 0.183400 ms MarkObjects: 2.683900 ms  DeleteObjects: 0.015100 ms)

AssetImportParameters requested are different than current active one (requested -> active):
  custom:framework-win-MediaFoundation: 216162199b28c13a410421893ffa2e32 -> 
  custom:video-decoder-ogg-theora: a1e56fd34408186e4bbccfd4996cb3dc -> 
  custom:container-muxer-webm: aa71ff27fc2769a1b78a27578f13a17b -> 
  custom:container-demuxer-webm: 4f35f7cbe854078d1ac9338744f61a02 -> 
  custom:video-encoder-webm-vp8: eb34c28f22e8b96e1ab97ce403110664 -> 
  custom:container-demuxer-ogg: 62fdf1f143b41e24485cea50d1cbac27 -> 
  custom:audio-decoder-ogg-vorbis: bf7c407c2cedff20999df2af8eb42d56 -> 
  custom:video-decoder-webm-vp8: 9c59270c3fd7afecdb556c50c9e8de78 -> 
  custom:audio-encoder-webm-vorbis: bf7c407c2cedff20999df2af8eb42d56 -> 
